2025-03-17 16:42:55,138 Could not connect to Redis instance: Connection closed by server. Retrying in 2 seconds...
/Users/josueisoffline/Documents/GitHub/splitapp/env/lib/python3.13/site-packages/rq/worker.py:1306: DeprecationWarning: This process (pid=12885) is multi-threaded, use of fork() may lead to deadlocks in the child.
  child_pid = os.fork()
/Users/josueisoffline/Documents/GitHub/splitapp/env/lib/python3.13/site-packages/pytz/tzinfo.py:27: DeprecationWarning: datetime.datetime.utcfromtimestamp() is deprecated and scheduled for removal in a future version. Use timezone-aware objects to represent datetimes in UTC: datetime.datetime.fromtimestamp(timestamp, datetime.UTC).
  _epoch = datetime.utcfromtimestamp(0)
/Users/josueisoffline/Documents/GitHub/splitapp/env/lib/python3.13/site-packages/googleapiclient/model.py:30: DeprecationWarning: pkg_resources is deprecated as an API. See https://setuptools.pypa.io/en/latest/pkg_resources.html
  import pkg_resources
/Users/josueisoffline/Documents/GitHub/splitapp/env/lib/python3.13/site-packages/pkg_resources/__init__.py:3147: DeprecationWarning: Deprecated call to `pkg_resources.declare_namespace('google')`.
Implementing implicit namespace packages (as specified in PEP 420) is preferred to `pkg_resources.declare_namespace`. See https://setuptools.pypa.io/en/latest/references/keywords.html#keyword-namespace-packages
  declare_namespace(pkg)
/Users/josueisoffline/Documents/GitHub/splitapp/env/lib/python3.13/site-packages/pkg_resources/__init__.py:3147: DeprecationWarning: Deprecated call to `pkg_resources.declare_namespace('google')`.
Implementing implicit namespace packages (as specified in PEP 420) is preferred to `pkg_resources.declare_namespace`. See https://setuptools.pypa.io/en/latest/references/keywords.html#keyword-namespace-packages
  declare_namespace(pkg)
/Users/josueisoffline/Documents/GitHub/splitapp/env/lib/python3.13/site-packages/pkg_resources/__init__.py:3147: DeprecationWarning: Deprecated call to `pkg_resources.declare_namespace('google')`.
Implementing implicit namespace packages (as specified in PEP 420) is preferred to `pkg_resources.declare_namespace`. See https://setuptools.pypa.io/en/latest/references/keywords.html#keyword-namespace-packages
  declare_namespace(pkg)
/Users/josueisoffline/Documents/GitHub/splitapp/env/lib/python3.13/site-packages/rq/worker.py:1306: DeprecationWarning: This process (pid=12885) is multi-threaded, use of fork() may lead to deadlocks in the child.
  child_pid = os.fork()
/Users/josueisoffline/Documents/GitHub/splitapp/env/lib/python3.13/site-packages/rq/worker.py:1306: DeprecationWarning: This process (pid=12885) is multi-threaded, use of fork() may lead to deadlocks in the child.
  child_pid = os.fork()
/Users/josueisoffline/Documents/GitHub/splitapp/env/lib/python3.13/site-packages/pytz/tzinfo.py:27: DeprecationWarning: datetime.datetime.utcfromtimestamp() is deprecated and scheduled for removal in a future version. Use timezone-aware objects to represent datetimes in UTC: datetime.datetime.fromtimestamp(timestamp, datetime.UTC).
  _epoch = datetime.utcfromtimestamp(0)
/Users/josueisoffline/Documents/GitHub/splitapp/env/lib/python3.13/site-packages/googleapiclient/model.py:30: DeprecationWarning: pkg_resources is deprecated as an API. See https://setuptools.pypa.io/en/latest/pkg_resources.html
  import pkg_resources
/Users/josueisoffline/Documents/GitHub/splitapp/env/lib/python3.13/site-packages/pkg_resources/__init__.py:3147: DeprecationWarning: Deprecated call to `pkg_resources.declare_namespace('google')`.
Implementing implicit namespace packages (as specified in PEP 420) is preferred to `pkg_resources.declare_namespace`. See https://setuptools.pypa.io/en/latest/references/keywords.html#keyword-namespace-packages
  declare_namespace(pkg)
/Users/josueisoffline/Documents/GitHub/splitapp/env/lib/python3.13/site-packages/pkg_resources/__init__.py:3147: DeprecationWarning: Deprecated call to `pkg_resources.declare_namespace('google')`.
Implementing implicit namespace packages (as specified in PEP 420) is preferred to `pkg_resources.declare_namespace`. See https://setuptools.pypa.io/en/latest/references/keywords.html#keyword-namespace-packages
  declare_namespace(pkg)
/Users/josueisoffline/Documents/GitHub/splitapp/env/lib/python3.13/site-packages/pkg_resources/__init__.py:3147: DeprecationWarning: Deprecated call to `pkg_resources.declare_namespace('google')`.
Implementing implicit namespace packages (as specified in PEP 420) is preferred to `pkg_resources.declare_namespace`. See https://setuptools.pypa.io/en/latest/references/keywords.html#keyword-namespace-packages
  declare_namespace(pkg)
/Users/josueisoffline/Documents/GitHub/splitapp/env/lib/python3.13/site-packages/rq/worker.py:1306: DeprecationWarning: This process (pid=12885) is multi-threaded, use of fork() may lead to deadlocks in the child.
  child_pid = os.fork()
/Users/josueisoffline/Documents/GitHub/splitapp/env/lib/python3.13/site-packages/rq/worker.py:1306: DeprecationWarning: This process (pid=12885) is multi-threaded, use of fork() may lead to deadlocks in the child.
  child_pid = os.fork()
/Users/josueisoffline/Documents/GitHub/splitapp/env/lib/python3.13/site-packages/pytz/tzinfo.py:27: DeprecationWarning: datetime.datetime.utcfromtimestamp() is deprecated and scheduled for removal in a future version. Use timezone-aware objects to represent datetimes in UTC: datetime.datetime.fromtimestamp(timestamp, datetime.UTC).
  _epoch = datetime.utcfromtimestamp(0)
/Users/josueisoffline/Documents/GitHub/splitapp/env/lib/python3.13/site-packages/googleapiclient/model.py:30: DeprecationWarning: pkg_resources is deprecated as an API. See https://setuptools.pypa.io/en/latest/pkg_resources.html
  import pkg_resources
/Users/josueisoffline/Documents/GitHub/splitapp/env/lib/python3.13/site-packages/pkg_resources/__init__.py:3147: DeprecationWarning: Deprecated call to `pkg_resources.declare_namespace('google')`.
Implementing implicit namespace packages (as specified in PEP 420) is preferred to `pkg_resources.declare_namespace`. See https://setuptools.pypa.io/en/latest/references/keywords.html#keyword-namespace-packages
  declare_namespace(pkg)
/Users/josueisoffline/Documents/GitHub/splitapp/env/lib/python3.13/site-packages/pkg_resources/__init__.py:3147: DeprecationWarning: Deprecated call to `pkg_resources.declare_namespace('google')`.
Implementing implicit namespace packages (as specified in PEP 420) is preferred to `pkg_resources.declare_namespace`. See https://setuptools.pypa.io/en/latest/references/keywords.html#keyword-namespace-packages
  declare_namespace(pkg)
/Users/josueisoffline/Documents/GitHub/splitapp/env/lib/python3.13/site-packages/pkg_resources/__init__.py:3147: DeprecationWarning: Deprecated call to `pkg_resources.declare_namespace('google')`.
Implementing implicit namespace packages (as specified in PEP 420) is preferred to `pkg_resources.declare_namespace`. See https://setuptools.pypa.io/en/latest/references/keywords.html#keyword-namespace-packages
  declare_namespace(pkg)
/Users/josueisoffline/Documents/GitHub/splitapp/env/lib/python3.13/site-packages/rq/worker.py:1306: DeprecationWarning: This process (pid=12885) is multi-threaded, use of fork() may lead to deadlocks in the child.
  child_pid = os.fork()
